<?xml version="1.0" encoding="UTF-8"?>
<testng-results total="1" passed="1" failed="0" skipped="0">
  <reporter-output>
  </reporter-output>
  <suite started-at="2023-03-10T10:59:20Z" name="Default suite" finished-at="2023-03-10T10:59:33Z" duration-ms="13068">
    <groups>
    </groups>
    <test started-at="2023-03-10T10:59:20Z" name="Default test" finished-at="2023-03-10T10:59:33Z" duration-ms="13068">
      <class name="com.lntsufin.pdp.TestCase3">
        <test-method is-config="true" signature="tes1()[pri:0, instance:com.lntsufin.pdp.TestCase3@49c66ade]" started-at="2023-03-10T16:29:20Z" name="tes1" finished-at="2023-03-10T16:29:28Z" duration-ms="7972" status="PASS">
          <reporter-output>
          </reporter-output>
        </test-method> <!-- tes1 -->
        <test-method is-config="true" signature="CommonAction()[pri:0, instance:com.lntsufin.pdp.TestCase3@49c66ade]" started-at="2023-03-10T16:29:28Z" name="CommonAction" finished-at="2023-03-10T16:29:28Z" duration-ms="1" status="PASS">
          <reporter-output>
          </reporter-output>
        </test-method> <!-- CommonAction -->
        <test-method signature="test1()[pri:0, instance:com.lntsufin.pdp.TestCase3@49c66ade]" started-at="2023-03-10T16:29:28Z" name="test1" finished-at="2023-03-10T16:29:32Z" duration-ms="4697" status="PASS">
          <reporter-output>
          </reporter-output>
        </test-method> <!-- test1 -->
        <test-method is-config="true" signature="LogoutAction()[pri:0, instance:com.lntsufin.pdp.TestCase3@49c66ade]" started-at="2023-03-10T16:29:32Z" name="LogoutAction" finished-at="2023-03-10T16:29:32Z" duration-ms="1" status="PASS">
          <reporter-output>
          </reporter-output>
        </test-method> <!-- LogoutAction -->
        <test-method is-config="true" signature="closeAll()[pri:0, instance:com.lntsufin.pdp.TestCase3@49c66ade]" started-at="2023-03-10T16:29:32Z" name="closeAll" finished-at="2023-03-10T16:29:33Z" duration-ms="381" status="PASS">
          <reporter-output>
          </reporter-output>
        </test-method> <!-- closeAll -->
      </class> <!-- com.lntsufin.pdp.TestCase3 -->
    </test> <!-- Default test -->
  </suite> <!-- Default suite -->
</testng-results>
